2014-08-09 19:50:13.012 Unlisted[55964:70b] Multi-tasking -> Device: YES, App: YES
2014-08-09 19:50:13.129 Unlisted[55964:70b] Unlimited access to network resources
2014-08-09 19:50:13.194 Unlisted[55964:70b] Fix applied for database locations?: YES
2014-08-09 19:50:13.425 Unlisted[55964:70b] [CDVTimer][keyboard] 0.112951ms
2014-08-09 19:50:13.425 Unlisted[55964:70b] CDVPlugin class CDVStatusBar (pluginName: statusbar) does not exist.
2014-08-09 19:50:13.426 Unlisted[55964:70b] [CDVTimer][statusbar] 0.452995ms
2014-08-09 19:50:13.426 Unlisted[55964:70b] [CDVTimer][TotalPluginStartup] 1.612008ms
2014-08-09 19:50:13.620 Unlisted[55964:70b] Resetting plugins due to page load.
2014-08-09 19:50:14.176 Unlisted[55964:70b] Finished load of: file:///Users/Hendrixer/Library/Application%20Support/iPhone%20Simulator/7.1/Applications/02D77A0F-1B1D-41F4-B1FD-CF9A1D899D02/Unlisted.app/www/index.html#/app/main/feed
2014-08-09 19:53:14.226 Unlisted[56599:70b] Multi-tasking -> Device: YES, App: YES
2014-08-09 19:53:14.237 Unlisted[56599:70b] Unlimited access to network resources
2014-08-09 19:53:14.258 Unlisted[56599:70b] [CDVTimer][keyboard] 0.079036ms
2014-08-09 19:53:14.259 Unlisted[56599:70b] CDVPlugin class CDVStatusBar (pluginName: statusbar) does not exist.
2014-08-09 19:53:14.259 Unlisted[56599:70b] [CDVTimer][statusbar] 0.461996ms
2014-08-09 19:53:14.259 Unlisted[56599:70b] [CDVTimer][TotalPluginStartup] 1.593053ms
2014-08-09 19:53:14.445 Unlisted[56599:70b] Resetting plugins due to page load.
2014-08-09 19:53:15.168 Unlisted[56599:70b] Finished load of: file:///Users/Hendrixer/Library/Application%20Support/iPhone%20Simulator/7.1/Applications/02D77A0F-1B1D-41F4-B1FD-CF9A1D899D02/Unlisted.app/www/index.html#/app/main/feed
2014-08-09 20:02:51.353 Unlisted[57235:70b] Multi-tasking -> Device: YES, App: YES
2014-08-09 20:02:51.374 Unlisted[57235:70b] Unlimited access to network resources
2014-08-09 20:02:51.427 Unlisted[57235:70b] [CDVTimer][keyboard] 0.079989ms
2014-08-09 20:02:51.435 Unlisted[57235:70b] CDVPlugin class CDVStatusBar (pluginName: statusbar) does not exist.
2014-08-09 20:02:51.445 Unlisted[57235:70b] [CDVTimer][statusbar] 9.586990ms
2014-08-09 20:02:51.449 Unlisted[57235:70b] [CDVTimer][TotalPluginStartup] 21.644950ms
2014-08-09 20:02:51.638 Unlisted[57235:70b] Resetting plugins due to page load.
2014-08-09 20:02:52.142 Unlisted[57235:70b] Finished load of: file:///Users/Hendrixer/Library/Application%20Support/iPhone%20Simulator/7.1/Applications/02D77A0F-1B1D-41F4-B1FD-CF9A1D899D02/Unlisted.app/www/index.html#/app/main/feed
